<?xml version="1.0" encoding="UTF-8"?>
<!-- Generated by org.testng.reporters.JUnitReportReporter -->
<testsuite hostname="WKWZTAIyRyre7hp" failures="0" tests="2" name="testngSessions.Googletest" time="0.066" errors="0" timestamp="2024-03-12T22:44:40 IST" skipped="0">
  <testcase classname="testngSessions.Googletest" name="pageTitleTest" time="0.016"/>
  <testcase classname="testngSessions.Googletest" name="searchTest" time="0.050"/>
</testsuite> <!-- testngSessions.Googletest -->
