<?xml version="1.0" encoding="UTF-8"?>
<!-- Generated by org.testng.reporters.JUnitReportReporter -->
<testsuite hostname="WKWZTAIyRyre7hp" failures="0" tests="1" name="testngSessions.TestNgConcepts" time="0.009" errors="0" timestamp="2024-03-11T16:14:34 IST" skipped="0">
  <testcase classname="testngSessions.TestNgConcepts" name="verifyAbrevacookiePopupLink" time="0.009"/>
</testsuite> <!-- testngSessions.TestNgConcepts -->
