<?xml version="1.0" encoding="UTF-8"?>
<!-- Generated by org.testng.reporters.JUnitReportReporter -->
<testsuite hostname="WKWZTAIyRyre7hp" failures="0" tests="2" name="testngSessions.AddToCart" time="0.091" errors="0" timestamp="2024-03-12T22:44:40 IST" skipped="0">
  <testcase classname="testngSessions.AddToCart" name="searchTest" time="0.065"/>
  <testcase classname="testngSessions.AddToCart" name="pageTitleTest" time="0.026"/>
</testsuite> <!-- testngSessions.AddToCart -->
